<?xml version="1.0" encoding="UTF-8"?>
<!-- Generated by org.testng.reporters.JUnitReportReporter -->
<testsuite skipped="0" hostname="CBT-MH-000" name="second" tests="3" failures="0" timestamp="01 Oct 2019 09:16:58 GMT" time="9.603" errors="0">
  <testcase name="APITest1" time="1.177" classname="second"/>
  <testcase name="APITest1" time="1.221" classname="second"/>
  <testcase name="APITest1" time="7.205" classname="second"/>
</testsuite> <!-- second -->
