<?xml version="1.0" encoding="UTF-8"?>
<!-- Generated by org.testng.reporters.JUnitReportReporter -->
<testsuite skipped="0" hostname="CBT-MH-000" name="test.Username3" tests="1" failures="0" timestamp="31 Oct 2019 06:13:30 GMT" time="11.763" errors="0">
  <testcase name="userName" time="11.763" classname="test.Username3"/>
</testsuite> <!-- test.Username3 -->
