<?xml version="1.0" encoding="UTF-8"?>
<!-- Generated by org.testng.reporters.JUnitReportReporter -->
<testsuite skipped="0" hostname="CBT-MH-000" name="first" tests="1" failures="1" timestamp="30 Sep 2019 04:27:55 GMT" time="7.063" errors="0">
  <testcase name="APITest" time="7.063" classname="first">
    <failure type="java.lang.AssertionError" message="1 expectation failed.
Expected header &quot;Server&quot; was not &quot;cloudflares&quot;, was &quot;cloudflare&quot;. Headers are:
Date=Mon, 30 Sep 2019 04:27:51 GMT
Content-Type=application/json; charset=utf-8
Transfer-Encoding=chunked
Connection=keep-alive
Set-Cookie=__cfduid=dfe88b5cc4552ffde54b38723f7048dc51569817671; expires=Tue, 29-Sep-20 04:27:51 GMT; path=/; domain=.reqres.in; HttpOnly; Secure
X-Powered-By=Express
Access-Control-Allow-Origin=*
Etag=W/&quot;414-k36Lu9tCb0XMJeh2/UG19C4xbw4&quot;
Via=1.1 vegur
CF-Cache-Status=HIT
Age=2001
Expires=Mon, 30 Sep 2019 08:27:51 GMT
Cache-Control=public, max-age=14400
Expect-CT=max-age=604800, report-uri=&quot;https://report-uri.cloudflare.com/cdn-cgi/beacon/expect-ct&quot;
Vary=Accept-Encoding
Server=cloudflare
CF-RAY=51e37261dbaed990-SIN
Content-Encoding=gzip
">
      <![CDATA[java.lang.AssertionError: 1 expectation failed.
Expected header "Server" was not "cloudflares", was "cloudflare". Headers are:
Date=Mon, 30 Sep 2019 04:27:51 GMT
Content-Type=application/json; charset=utf-8
Transfer-Encoding=chunked
Connection=keep-alive
Set-Cookie=__cfduid=dfe88b5cc4552ffde54b38723f7048dc51569817671; expires=Tue, 29-Sep-20 04:27:51 GMT; path=/; domain=.reqres.in; HttpOnly; Secure
X-Powered-By=Express
Access-Control-Allow-Origin=*
Etag=W/"414-k36Lu9tCb0XMJeh2/UG19C4xbw4"
Via=1.1 vegur
CF-Cache-Status=HIT
Age=2001
Expires=Mon, 30 Sep 2019 08:27:51 GMT
Cache-Control=public, max-age=14400
Expect-CT=max-age=604800, report-uri="https://report-uri.cloudflare.com/cdn-cgi/beacon/expect-ct"
Vary=Accept-Encoding
Server=cloudflare
CF-RAY=51e37261dbaed990-SIN
Content-Encoding=gzip

at sun.reflect.NativeConstructorAccessorImpl.newInstance0(Native Method)
at sun.reflect.NativeConstructorAccessorImpl.newInstance(Unknown Source)
at sun.reflect.DelegatingConstructorAccessorImpl.newInstance(Unknown Source)
at java.lang.reflect.Constructor.newInstance(Unknown Source)
at org.codehaus.groovy.reflection.CachedConstructor.invoke(CachedConstructor.java:80)
at org.codehaus.groovy.reflection.CachedConstructor.doConstructorInvoke(CachedConstructor.java:74)
at org.codehaus.groovy.runtime.callsite.ConstructorSite$ConstructorSiteNoUnwrap.callConstructor(ConstructorSite.java:84)
at org.codehaus.groovy.runtime.callsite.CallSiteArray.defaultCallConstructor(CallSiteArray.java:59)
at org.codehaus.groovy.runtime.callsite.AbstractCallSite.callConstructor(AbstractCallSite.java:237)
at org.codehaus.groovy.runtime.callsite.AbstractCallSite.callConstructor(AbstractCallSite.java:249)
at io.restassured.internal.ResponseSpecificationImpl$HamcrestAssertionClosure.validate(ResponseSpecificationImpl.groovy:493)
at io.restassured.internal.ResponseSpecificationImpl$HamcrestAssertionClosure$validate$1.call(Unknown Source)
at io.restassured.internal.ResponseSpecificationImpl.validateResponseIfRequired(ResponseSpecificationImpl.groovy:671)
at sun.reflect.NativeMethodAccessorImpl.invoke0(Native Method)
at sun.reflect.NativeMethodAccessorImpl.invoke(Unknown Source)
at sun.reflect.DelegatingMethodAccessorImpl.invoke(Unknown Source)
at java.lang.reflect.Method.invoke(Unknown Source)
at org.codehaus.groovy.runtime.callsite.PlainObjectMetaMethodSite.doInvoke(PlainObjectMetaMethodSite.java:43)
at org.codehaus.groovy.runtime.callsite.PogoMetaMethodSite$PogoCachedMethodSiteNoUnwrapNoCoerce.invoke(PogoMetaMethodSite.java:190)
at org.codehaus.groovy.runtime.callsite.PogoMetaMethodSite.callCurrent(PogoMetaMethodSite.java:58)
at org.codehaus.groovy.runtime.callsite.CallSiteArray.defaultCallCurrent(CallSiteArray.java:51)
at org.codehaus.groovy.runtime.callsite.AbstractCallSite.callCurrent(AbstractCallSite.java:156)
at org.codehaus.groovy.runtime.callsite.AbstractCallSite.callCurrent(AbstractCallSite.java:168)
at io.restassured.internal.ResponseSpecificationImpl.header(ResponseSpecificationImpl.groovy:182)
at io.restassured.specification.ResponseSpecification$header$2.callCurrent(Unknown Source)
at org.codehaus.groovy.runtime.callsite.CallSiteArray.defaultCallCurrent(CallSiteArray.java:51)
at org.codehaus.groovy.runtime.callsite.AbstractCallSite.callCurrent(AbstractCallSite.java:156)
at org.codehaus.groovy.runtime.callsite.AbstractCallSite.callCurrent(AbstractCallSite.java:176)
at io.restassured.internal.ResponseSpecificationImpl.header(ResponseSpecificationImpl.groovy:189)
at io.restassured.internal.ValidatableResponseOptionsImpl.header(ValidatableResponseOptionsImpl.java:124)
at io.restassured.internal.ValidatableResponseImpl.super$2$header(ValidatableResponseImpl.groovy)
at sun.reflect.NativeMethodAccessorImpl.invoke0(Native Method)
at sun.reflect.NativeMethodAccessorImpl.invoke(Unknown Source)
at sun.reflect.DelegatingMethodAccessorImpl.invoke(Unknown Source)
at java.lang.reflect.Method.invoke(Unknown Source)
at org.codehaus.groovy.reflection.CachedMethod.invoke(CachedMethod.java:101)
at groovy.lang.MetaMethod.doMethodInvoke(MetaMethod.java:323)
at groovy.lang.MetaClassImpl.invokeMethod(MetaClassImpl.java:1217)
at org.codehaus.groovy.runtime.ScriptBytecodeAdapter.invokeMethodOnSuperN(ScriptBytecodeAdapter.java:144)
at io.restassured.internal.ValidatableResponseImpl.header(ValidatableResponseImpl.groovy:184)
at io.restassured.internal.ValidatableResponseImpl.header(ValidatableResponseImpl.groovy)
at first.APITest(first.java:25)
at sun.reflect.NativeMethodAccessorImpl.invoke0(Native Method)
at sun.reflect.NativeMethodAccessorImpl.invoke(Unknown Source)
at sun.reflect.DelegatingMethodAccessorImpl.invoke(Unknown Source)
at java.lang.reflect.Method.invoke(Unknown Source)
at org.testng.internal.MethodInvocationHelper.invokeMethod(MethodInvocationHelper.java:124)
at org.testng.internal.Invoker.invokeMethod(Invoker.java:583)
at org.testng.internal.Invoker.invokeTestMethod(Invoker.java:719)
at org.testng.internal.Invoker.invokeTestMethods(Invoker.java:989)
at org.testng.internal.TestMethodWorker.invokeTestMethods(TestMethodWorker.java:125)
at org.testng.internal.TestMethodWorker.run(TestMethodWorker.java:109)
at org.testng.TestRunner.privateRun(TestRunner.java:648)
at org.testng.TestRunner.run(TestRunner.java:505)
at org.testng.SuiteRunner.runTest(SuiteRunner.java:455)
at org.testng.SuiteRunner.runSequentially(SuiteRunner.java:450)
at org.testng.SuiteRunner.privateRun(SuiteRunner.java:415)
at org.testng.SuiteRunner.run(SuiteRunner.java:364)
at org.testng.SuiteRunnerWorker.runSuite(SuiteRunnerWorker.java:52)
at org.testng.SuiteRunnerWorker.run(SuiteRunnerWorker.java:84)
at org.testng.TestNG.runSuitesSequentially(TestNG.java:1208)
at org.testng.TestNG.runSuitesLocally(TestNG.java:1137)
at org.testng.TestNG.runSuites(TestNG.java:1049)
at org.testng.TestNG.run(TestNG.java:1017)
at org.testng.remote.AbstractRemoteTestNG.run(AbstractRemoteTestNG.java:114)
at org.testng.remote.RemoteTestNG.initAndRun(RemoteTestNG.java:251)
at org.testng.remote.RemoteTestNG.main(RemoteTestNG.java:77)
]]>
    </failure>
  </testcase> <!-- APITest -->
</testsuite> <!-- first -->
