<?xml version="1.0" encoding="UTF-8"?>
<!-- Generated by org.testng.reporters.JUnitReportReporter -->
<testsuite skipped="0" hostname="CBT-MH-000" name="test.twitter2" tests="1" failures="0" timestamp="23 Oct 2019 06:32:54 GMT" time="7.710" errors="0">
  <testcase name="UsernameTweets" time="7.710" classname="test.twitter2"/>
</testsuite> <!-- test.twitter2 -->
