<?xml version="1.0" encoding="UTF-8"?>
<!-- Generated by org.testng.reporters.JUnitReportReporter -->
<testsuite skipped="0" hostname="CBT-MH-000" name="test.Search2" tests="1" failures="0" timestamp="31 Oct 2019 06:10:14 GMT" time="5.726" errors="0">
  <testcase name="getTweet" time="5.726" classname="test.Search2"/>
</testsuite> <!-- test.Search2 -->
