<?xml version="1.0" encoding="UTF-8"?>
<!-- Generated by org.testng.reporters.JUnitReportReporter -->
<testsuite skipped="0" hostname="CBT-MH-000" name="twitter" tests="2" failures="0" timestamp="04 Oct 2019 05:21:17 GMT" time="17.419" errors="0">
  <testcase name="createandDeleteTweet" time="16.656" classname="twitter"/>
  <testcase name="getTweet" time="0.763" classname="twitter"/>
</testsuite> <!-- twitter -->
