<?xml version="1.0" encoding="UTF-8"?>
<!-- Generated by org.testng.reporters.JUnitReportReporter -->
<testsuite skipped="0" hostname="CBT-MH-000" name="test.Weather4" tests="1" failures="0" timestamp="31 Oct 2019 06:12:51 GMT" time="4.965" errors="0">
  <testcase name="getWeather" time="4.965" classname="test.Weather4"/>
</testsuite> <!-- test.Weather4 -->
