<?xml version="1.0" encoding="UTF-8"?>
<!-- Generated by org.testng.reporters.JUnitReportReporter -->
<testsuite skipped="0" hostname="CBT-MH-000" name="test.listusers" tests="1" failures="0" timestamp="29 Oct 2019 05:05:30 GMT" time="4.053" errors="0">
  <testcase name="UsernameTweets" time="4.053" classname="test.listusers"/>
</testsuite> <!-- test.listusers -->
