<?xml version="1.0" encoding="UTF-8"?>
<!-- Generated by org.testng.reporters.JUnitReportReporter -->
<testsuite skipped="0" hostname="CBT-MH-000" name="test.Hashtag" tests="1" failures="0" timestamp="29 Oct 2019 05:05:12 GMT" time="13.413" errors="0">
  <testcase name="hashTag" time="13.413" classname="test.Hashtag"/>
</testsuite> <!-- test.Hashtag -->
