<?xml version="1.0" encoding="UTF-8"?>
<!-- Generated by org.testng.reporters.JUnitReportReporter -->
<testsuite skipped="0" hostname="CBT-MH-000" name="test.Weather" tests="1" failures="0" timestamp="29 Oct 2019 05:06:27 GMT" time="4.893" errors="0">
  <testcase name="getWeather" time="4.893" classname="test.Weather"/>
</testsuite> <!-- test.Weather -->
