<?xml version="1.0" encoding="UTF-8"?>
<!-- Generated by org.testng.reporters.JUnitReportReporter -->
<testsuite skipped="0" hostname="CBT-MH-000" name="test.create" tests="1" failures="0" timestamp="29 Oct 2019 05:03:09 GMT" time="16.777" errors="0">
  <testcase name="createTweet" time="16.777" classname="test.create"/>
</testsuite> <!-- test.create -->
