<?xml version="1.0" encoding="UTF-8"?>
<!-- Generated by org.testng.reporters.JUnitReportReporter -->
<testsuite skipped="0" hostname="CBT-MH-000" name="test.Username" tests="1" failures="0" timestamp="29 Oct 2019 05:06:05 GMT" time="7.526" errors="0">
  <testcase name="userName" time="7.526" classname="test.Username"/>
</testsuite> <!-- test.Username -->
