<?xml version="1.0" encoding="UTF-8"?>
<!-- Generated by org.testng.reporters.JUnitReportReporter -->
<testsuite skipped="0" hostname="CBT-MH-000" name="test.second" tests="3" failures="0" timestamp="04 Oct 2019 05:28:04 GMT" time="3.309" errors="0">
  <testcase name="APITest1" time="1.162" classname="test.second"/>
  <testcase name="APITest1" time="1.118" classname="test.second"/>
  <testcase name="APITest1" time="1.029" classname="test.second"/>
</testsuite> <!-- test.second -->
