<?xml version="1.0" encoding="UTF-8"?>
<!-- Generated by org.testng.reporters.JUnitReportReporter -->
<testsuite skipped="0" hostname="CBT-MH-000" name="test.search" tests="1" failures="0" timestamp="29 Oct 2019 05:05:46 GMT" time="4.711" errors="0">
  <testcase name="getTweet" time="4.711" classname="test.search"/>
</testsuite> <!-- test.search -->
