<?xml version="1.0" encoding="UTF-8"?>
<!-- Generated by org.testng.reporters.JUnitReportReporter -->
<testsuite skipped="0" hostname="CBT-MH-000" name="test.Block" tests="1" failures="0" timestamp="24 Oct 2019 12:28:46 GMT" time="3.886" errors="0">
  <testcase name="block" time="3.886" classname="test.Block"/>
</testsuite> <!-- test.Block -->
