<?xml version="1.0" encoding="UTF-8"?>
<!-- Generated by org.testng.reporters.JUnitReportReporter -->
<testsuite skipped="0" hostname="CBT-MH-000" name="test.Trending6" tests="1" failures="0" timestamp="31 Oct 2019 06:14:05 GMT" time="8.159" errors="0">
  <testcase name="hashTag" time="8.159" classname="test.Trending6"/>
</testsuite> <!-- test.Trending6 -->
