<?xml version="1.0" encoding="UTF-8"?>
<!-- Generated by org.testng.reporters.JUnitReportReporter -->
<testsuite skipped="0" hostname="CBT-MH-000" name="test.Usertweets5" tests="1" failures="0" timestamp="31 Oct 2019 06:13:06 GMT" time="4.070" errors="0">
  <testcase name="UsernameTweets" time="4.070" classname="test.Usertweets5"/>
</testsuite> <!-- test.Usertweets5 -->
